{
  "timestamp": "2021-07-08 22:59:56.529446",
  "device_info": {
    "serial_number": "AD4AG0hOUA4gNDNW",
    "model": "600",
    "git_hash": "b084d4066107e005248ea25c8cb2ede33f79a74b",
    "git_dirty": false,
    "git_timestamp": 1624874891
  },
  "calibration": {
    "invert": false,
    "poles": 42,
    "offset": [
      -0.5708961167405452,
      -0.585505142633394,
      -0.6059912376256785,
      -0.6084000353382181,
      -0.6250230065832426,
      -0.6303774464538511,
      -0.6376387359977604,
      -0.6391846946248593,
      -0.6384421848657026,
      -0.6338670133728036,
      -0.6242282656979801,
      -0.6219415651545285,
      -0.60801682784759,
      -0.6084167777666234,
      -0.5977177414467635,
      -0.5951341056276812,
      -0.5860257505750118,
      -0.5729966880389405,
      -0.5639567718368098,
      -0.5502667143221764,
      -0.5423261222671379,
      -0.529093418335669,
      -0.5259846394164273,
      -0.5112626175322346,
      -0.5109672643857833,
      -0.5068463589135529,
      -0.4925514954752172,
      -0.5089007355933853,
      -0.5126490514606914,
      -0.5300252260156515,
      -0.5472832907228374,
      -0.5679877521147632,
      -0.5830665144083154,
      -0.6038463802202061,
      -0.6258242008711103,
      -0.6277876590859287,
      -0.6511741660150184,
      -0.6592012104389469,
      -0.6674905136134209,
      -0.6697721009015319,
      -0.6714084696748199,
      -0.6645087435856792,
      -0.6640318398680077,
      -0.6663829600785618,
      -0.657849146200333,
      -0.6649296426554211,
      -0.6547509107955716,
      -0.6513872641092271,
      -0.6446401504623936,
      -0.632068551443287,
      -0.6199235777014744,
      -0.6055987098863092,
      -0.5914960592863605,
      -0.5730354778994624,
      -0.569115064843974,
      -0.5465624754880566,
      -0.5371811953186965,
      -0.5288991491414746,
      -0.5156119466660442,
      -0.5223860665695433,
      -0.520392796635139,
      -0.5337608050493865,
      -0.5431766908079636,
      -0.5570361413669301
    ]
  },
  "winding_resistance": 0.06645557269721758,
  "inductance": 3.6648526458289816e-05,
  "pid_dq_kp": 0.02302694829725089,
  "pid_dq_ki": 41.75526779513624,
  "torque_bw_hz": 100.0,
  "encoder_filter_bw_hz": 200.0,
  "encoder_filter_kp": 2513.2741228718346,
  "encoder_filter_ki": 1579136.7041742974,
  "v_per_hz": 0.1996937817649111,
  "kv": 150.2300158515572,
  "unwrapped_position_scale": 1.0
}
